<?xml version="1.0" encoding="UTF-8"?>
<!-- Generated by org.testng.reporters.JUnitReportReporter -->
<testsuite hostname="DESKTOP-9STP60L" failures="0" tests="7" name="test.ValidatingPersonalInfo" time="2.422" errors="0" timestamp="2023-07-05T13:04:41 IST" skipped="0">
  <testcase classname="test.ValidatingPersonalInfo" name="validateUserName" time="1.341">
    <system-out>
      <![CDATA[Reading data from excel row number-1, cell number-2
Profile name is-Pallavi Pustake
Actual and expected username are matching]]>
    </system-out>
  </testcase> <!-- validateUserName -->
  <testcase classname="test.ValidatingPersonalInfo" name="validateFullName" time="0.150">
    <system-out>
      <![CDATA[Reading data from excel row number-1, cell number-3
Profile name is-Pallavi Pustake
Actual and expected full names are matchingPallavi Pustake]]>
    </system-out>
  </testcase> <!-- validateFullName -->
  <testcase classname="test.ValidatingPersonalInfo" name="validateCountryName" time="0.265">
    <system-out>
      <![CDATA[Reading data from excel row number-1, cell number-6
Country name is-India
Actual and expected country name matched]]>
    </system-out>
  </testcase> <!-- validateCountryName -->
  <testcase classname="test.ValidatingPersonalInfo" name="validateEmailId" time="0.151">
    <system-out>
      <![CDATA[Reading data from excel row number-1, cell number-0
Email id is-pallavipustake94@gmail.com
Actual and expected email id's are matching]]>
    </system-out>
  </testcase> <!-- validateEmailId -->
  <testcase classname="test.ValidatingPersonalInfo" name="validateDisplayName" time="0.157">
    <system-out>
      <![CDATA[Reading data from excel row number-1, cell number-4
Display name is-Pallavi
Actual and expected display names are matching]]>
    </system-out>
  </testcase> <!-- validateDisplayName -->
  <testcase classname="test.ValidatingPersonalInfo" name="validateStateName" time="0.181">
    <system-out>
      <![CDATA[Reading data from excel row number-1, cell number-7
State is-Maharashtra
Actual and expected state name matched]]>
    </system-out>
  </testcase> <!-- validateStateName -->
  <testcase classname="test.ValidatingPersonalInfo" name="validateGender" time="0.177">
    <system-out>
      <![CDATA[Reading data from excel row number-1, cell number-5
Gender is-Female
Actual and expected gender matched]]>
    </system-out>
  </testcase> <!-- validateGender -->
  <system-out>
    <![CDATA[Launching zoho application
Waiting to load complete page1000
Clicking on Home page Sign In 
Waiting to load complete page1500
Reading data from excel row number-1, cell number-0
Entering email id
Clicking on next button
Wait time -2000
Reading data from excel row number-1, cell number-1
Entering password
Clicking on sign in
Wait time -2000
Scrolling to that element
Wait time -1000
Waiting to load complete page2000
Clicking on user icon
Clicking on my account
Waiting to load complete page3000
Reading data from excel row number-1, cell number-2
Profile name is-Pallavi Pustake
Actual and expected username are matching
Reading data from excel row number-1, cell number-6
Country name is-India
Actual and expected country name matched
Reading data from excel row number-1, cell number-4
Display name is-Pallavi
Actual and expected display names are matching
Reading data from excel row number-1, cell number-0
Email id is-pallavipustake94@gmail.com
Actual and expected email id's are matching
Reading data from excel row number-1, cell number-3
Profile name is-Pallavi Pustake
Actual and expected full names are matchingPallavi Pustake
Reading data from excel row number-1, cell number-5
Gender is-Female
Actual and expected gender matched
Reading data from excel row number-1, cell number-7
State is-Maharashtra
Actual and expected state name matched
Wait time -3000
Closing browser]]>
  </system-out>
</testsuite> <!-- test.ValidatingPersonalInfo -->
